<?xml version="1.0" encoding="UTF-8"?>
<testng-results skipped="0" failed="0" ignored="0" total="1" passed="1">
  <reporter-output>
  </reporter-output>
  <suite name="Default suite" duration-ms="17639" started-at="2020-05-05T03:12:15Z" finished-at="2020-05-05T03:12:32Z">
    <groups>
      <group name="cucumber">
        <method signature="AbstractTestNGCucumberTests.feature(cucumber.api.testng.CucumberFeatureWrapper)[pri:0, instance:com.usa.Myrunner.Zooplarunner@55182842]" name="feature" class="cucumber.api.testng.AbstractTestNGCucumberTests"/>
      </group> <!-- cucumber -->
    </groups>
    <test name="Default test" duration-ms="17639" started-at="2020-05-05T03:12:15Z" finished-at="2020-05-05T03:12:32Z">
      <class name="com.usa.Myrunner.Zooplarunner">
        <test-method status="PASS" signature="setUpClass()[pri:0, instance:com.usa.Myrunner.Zooplarunner@55182842]" name="setUpClass" is-config="true" duration-ms="196" started-at="2020-05-05T03:12:15Z" finished-at="2020-05-05T03:12:15Z">
          <reporter-output>
          </reporter-output>
        </test-method> <!-- setUpClass -->
        <test-method status="PASS" signature="feature(cucumber.api.testng.CucumberFeatureWrapper)[pri:0, instance:com.usa.Myrunner.Zooplarunner@55182842]" name="feature" duration-ms="17306" started-at="2020-05-05T03:12:15Z" description="Runs Cucumber Feature" data-provider="features" finished-at="2020-05-05T03:12:32Z">
          <params>
            <param index="0">
              <value>
                <![CDATA[Findout thard property.]]>
              </value>
            </param>
          </params>
          <reporter-output>
          </reporter-output>
        </test-method> <!-- feature -->
        <test-method status="PASS" signature="tearDownClass()[pri:0, instance:com.usa.Myrunner.Zooplarunner@55182842]" name="tearDownClass" is-config="true" duration-ms="34" started-at="2020-05-05T03:12:32Z" finished-at="2020-05-05T03:12:32Z">
          <reporter-output>
          </reporter-output>
        </test-method> <!-- tearDownClass -->
      </class> <!-- com.usa.Myrunner.Zooplarunner -->
    </test> <!-- Default test -->
  </suite> <!-- Default suite -->
</testng-results>
