<?xml version="1.0" encoding="UTF-8"?>
<testng-results skipped="0" failed="0" total="1" passed="1">
  <reporter-output>
  </reporter-output>
  <suite name="Suite" duration-ms="18909" started-at="2020-05-05T03:47:08Z" finished-at="2020-05-05T03:47:27Z">
    <groups>
      <group name="cucumber">
        <method signature="AbstractTestNGCucumberTests.feature(cucumber.api.testng.CucumberFeatureWrapper)[pri:0, instance:com.usa.Myrunner.Zooplarunner@2c34f934]" name="feature" class="cucumber.api.testng.AbstractTestNGCucumberTests"/>
      </group> <!-- cucumber -->
    </groups>
    <test name="Test" duration-ms="18909" started-at="2020-05-05T03:47:08Z" finished-at="2020-05-05T03:47:27Z">
      <class name="com.usa.Myrunner.Zooplarunner">
        <test-method status="PASS" signature="setUpClass()[pri:0, instance:com.usa.Myrunner.Zooplarunner@2c34f934]" name="setUpClass" is-config="true" duration-ms="183" started-at="2020-05-04T23:47:08Z" finished-at="2020-05-04T23:47:08Z">
          <reporter-output>
          </reporter-output>
        </test-method> <!-- setUpClass -->
        <test-method status="PASS" signature="feature(cucumber.api.testng.CucumberFeatureWrapper)[pri:0, instance:com.usa.Myrunner.Zooplarunner@2c34f934]" name="feature" duration-ms="18451" started-at="2020-05-04T23:47:08Z" description="Runs Cucumber Feature" data-provider="features" finished-at="2020-05-04T23:47:27Z">
          <params>
            <param index="0">
              <value>
                <![CDATA[Findout thard property.]]>
              </value>
            </param>
          </params>
          <reporter-output>
          </reporter-output>
        </test-method> <!-- feature -->
        <test-method status="PASS" signature="tearDownClass()[pri:0, instance:com.usa.Myrunner.Zooplarunner@2c34f934]" name="tearDownClass" is-config="true" duration-ms="26" started-at="2020-05-04T23:47:27Z" finished-at="2020-05-04T23:47:27Z">
          <reporter-output>
          </reporter-output>
        </test-method> <!-- tearDownClass -->
      </class> <!-- com.usa.Myrunner.Zooplarunner -->
    </test> <!-- Test -->
  </suite> <!-- Suite -->
</testng-results>
